# JRE version: Java(TM) SE Runtime Environment (17.0.12+8) (build 17.0.12+8-LTS-286)
# Java VM: Java HotSpot(TM) 64-Bit Server VM (17.0.12+8-LTS-286, mixed mode, sharing, tiered, compressed oops, compressed class ptrs, g1 gc, windows-amd64)
GC Precious Log:
 CPUs: 12 total, 12 available
 Memory: 7514M
 Large Page Support: Disabled
 NUMA Support: Disabled
 Compressed Oops: Enabled (32-bit)
 Heap Region Size: 1M
 Heap Min Capacity: 8M
 Heap Initial Capacity: 118M
 Heap Max Capacity: 1880M
 Pre-touch: Disabled
 Parallel Workers: 10
 Concurrent Workers: 3
 Concurrent Refinement Workers: 10
 Periodic GC: Disabled
Heap:
 garbage-first heap   total 65536K, used 38180K [0x000000008a800000, 0x0000000100000000)
  region size 1024K, 16 young (16384K), 2 survivors (2048K)
 Metaspace       used 28886K, committed 29312K, reserved 1114112K
  class space    used 3588K, committed 3776K, reserved 1048576K
GC Heap History (14 events):
Event: 1.564 GC heap before
{Heap before GC invocations=0 (full 0):
 garbage-first heap   total 120832K, used 24576K [0x000000008a800000, 0x0000000100000000)
  region size 1024K, 23 young (23552K), 0 survivors (0K)
 Metaspace       used 3478K, committed 3648K, reserved 1114112K
  class space    used 333K, committed 384K, reserved 1048576K
}
Event: 1.575 GC heap after
{Heap after GC invocations=1 (full 0):
 garbage-first heap   total 120832K, used 8712K [0x000000008a800000, 0x0000000100000000)
  region size 1024K, 3 young (3072K), 3 survivors (3072K)
 Metaspace       used 3478K, committed 3648K, reserved 1114112K
  class space    used 333K, committed 384K, reserved 1048576K
}
Event: 2.612 GC heap before
{Heap before GC invocations=1 (full 0):
 garbage-first heap   total 120832K, used 36360K [0x000000008a800000, 0x0000000100000000)
  region size 1024K, 27 young (27648K), 3 survivors (3072K)
 Metaspace       used 6512K, committed 6720K, reserved 1114112K
  class space    used 705K, committed 832K, reserved 1048576K
}
Event: 2.623 GC heap after
{Heap after GC invocations=2 (full 0):
 garbage-first heap   total 120832K, used 12473K [0x000000008a800000, 0x0000000100000000)
  region size 1024K, 4 young (4096K), 4 survivors (4096K)
 Metaspace       used 6512K, committed 6720K, reserved 1114112K
  class space    used 705K, committed 832K, reserved 1048576K
}
Event: 3.824 GC heap before
{Heap before GC invocations=2 (full 0):
 garbage-first heap   total 120832K, used 64697K [0x000000008a800000, 0x0000000100000000)
  region size 1024K, 55 young (56320K), 4 survivors (4096K)
 Metaspace       used 13788K, committed 14080K, reserved 1114112K
  class space    used 1580K, committed 1728K, reserved 1048576K
}
Event: 3.828 GC heap after
{Heap after GC invocations=3 (full 0):
 garbage-first heap   total 120832K, used 15219K [0x000000008a800000, 0x0000000100000000)
  region size 1024K, 3 young (3072K), 3 survivors (3072K)
 Metaspace       used 13788K, committed 14080K, reserved 1114112K
  class space    used 1580K, committed 1728K, reserved 1048576K
}
Event: 5.388 GC heap before
{Heap before GC invocations=3 (full 0):
 garbage-first heap   total 120832K, used 56179K [0x000000008a800000, 0x0000000100000000)
  region size 1024K, 45 young (46080K), 3 survivors (3072K)
 Metaspace       used 21246K, committed 21504K, reserved 1114112K
  class space    used 2598K, committed 2752K, reserved 1048576K
}
Event: 5.392 GC heap after
{Heap after GC invocations=4 (full 0):
 garbage-first heap   total 120832K, used 17578K [0x000000008a800000, 0x0000000100000000)
  region size 1024K, 5 young (5120K), 5 survivors (5120K)
 Metaspace       used 21246K, committed 21504K, reserved 1114112K
  class space    used 2598K, committed 2752K, reserved 1048576K
}
Event: 6.460 GC heap before
{Heap before GC invocations=5 (full 0):
 garbage-first heap   total 65536K, used 51370K [0x000000008a800000, 0x0000000100000000)
  region size 1024K, 38 young (38912K), 5 survivors (5120K)
 Metaspace       used 24660K, committed 25024K, reserved 1114112K
  class space    used 2995K, committed 3200K, reserved 1048576K
}
Event: 6.467 GC heap after
{Heap after GC invocations=6 (full 0):
 garbage-first heap   total 65536K, used 20310K [0x000000008a800000, 0x0000000100000000)
  region size 1024K, 5 young (5120K), 5 survivors (5120K)
 Metaspace       used 24660K, committed 25024K, reserved 1114112K
  class space    used 2995K, committed 3200K, reserved 1048576K
}
Event: 7.041 GC heap before
{Heap before GC invocations=6 (full 0):
 garbage-first heap   total 65536K, used 43862K [0x000000008a800000, 0x0000000100000000)
  region size 1024K, 29 young (29696K), 5 survivors (5120K)
 Metaspace       used 25381K, committed 25728K, reserved 1114112K
  class space    used 3082K, committed 3264K, reserved 1048576K
}
Event: 7.046 GC heap after
{Heap after GC invocations=7 (full 0):
 garbage-first heap   total 65536K, used 23295K [0x000000008a800000, 0x0000000100000000)
  region size 1024K, 4 young (4096K), 4 survivors (4096K)
 Metaspace       used 25381K, committed 25728K, reserved 1114112K
  class space    used 3082K, committed 3264K, reserved 1048576K
}
Event: 7.902 GC heap before
{Heap before GC invocations=7 (full 0):
 garbage-first heap   total 65536K, used 45823K [0x000000008a800000, 0x0000000100000000)
  region size 1024K, 26 young (26624K), 4 survivors (4096K)
 Metaspace       used 27445K, committed 27776K, reserved 1114112K
  class space    used 3363K, committed 3520K, reserved 1048576K
}
Event: 7.906 GC heap after
{Heap after GC invocations=8 (full 0):
 garbage-first heap   total 65536K, used 24868K [0x000000008a800000, 0x0000000100000000)
  region size 1024K, 2 young (2048K), 2 survivors (2048K)
 Metaspace       used 27445K, committed 27776K, reserved 1114112K
  class space    used 3363K, committed 3520K, reserved 1048576K
}

