<?xml version="1.0" encoding="UTF-8"?>
<testsuite xmlns:xsi="http://www.w3.org/2001/XMLSchema-instance" xsi:noNamespaceSchemaLocation="https://maven.apache.org/surefire/maven-surefire-plugin/xsd/surefire-test-report.xsd" version="3.0.2" name="pe.valdemar.authjwt.AuthJwtApplicationTests" time="21.294" tests="1" errors="0" skipped="0" failures="0">
  <properties>
[...]
</properties>
  <testcase name="contextLoads" classname="pe.valdemar.authjwt.AuthJwtApplicationTests" time="2.806">
    <system-out><![CDATA[20:35:17.191 [main] INFO org.springframework.test.context.support.AnnotationConfigContextLoaderUtils -- Could not detect default configuration classes for test class [pe.valdemar.authjwt.AuthJwtApplicationTests]: AuthJwtApplicationTests does not declare any static, non-private, non-final, nested classes annotated with @Configuration.
20:35:17.581 [main] INFO org.springframework.boot.test.context.SpringBootTestContextBootstrapper -- Found @SpringBootConfiguration pe.valdemar.authjwt.AuthJwtApplication for test class pe.valdemar.authjwt.AuthJwtApplicationTests
20:35:18.516 [main] INFO org.springframework.boot.devtools.restart.RestartApplicationListener -- Restart disabled due to context in which it is running

  .   ____          _            __ _ _
 /\\ / ___'_ __ _ _(_)_ __  __ _ \ \ \ \
( ( )\___ | '_ | '_| | '_ \/ _` | \ \ \ \
 \\/  ___)| |_)| | | | | || (_| |  ) ) ) )
  '  |____| .__|_| |_|_| |_\__, | / / / /
 =========|_|==============|___/=/_/_/_/

 :: Spring Boot ::       (v3.4.8-SNAPSHOT)

2025-07-25T20:35:23.903-05:00  INFO 23352 --- [valdemar-security-app] [           main] p.v.authjwt.AuthJwtApplicationTests      : Starting AuthJwtApplicationTests using Java 17.0.12 with PID 23352 (started by juanv in D:\Repaso\hub-security-app\valdemar-security-app)
2025-07-25T20:35:23.905-05:00  INFO 23352 --- [valdemar-security-app] [           main] p.v.authjwt.AuthJwtApplicationTests      : No active profile set, falling back to 1 default profile: "default"
2025-07-25T20:35:24.002-05:00  INFO 23352 --- [valdemar-security-app] [           main] o.s.c.c.c.ConfigServerConfigDataLoader   : Fetching config from server at : http://config-server:8888
2025-07-25T20:35:24.002-05:00  INFO 23352 --- [valdemar-security-app] [           main] o.s.c.c.c.ConfigServerConfigDataLoader   : Exception on Url - http://config-server:8888:org.springframework.web.client.ResourceAccessException: I/O error on GET request for "http://config-server:8888/valdemar-security-app/default": config-server. Will be trying the next url if available
2025-07-25T20:35:24.003-05:00  WARN 23352 --- [valdemar-security-app] [           main] o.s.c.c.c.ConfigServerConfigDataLoader   : Could not locate PropertySource ([ConfigServerConfigDataResource@7ed9499e uris = array<String>['http://config-server:8888'], optional = true, profiles = 'default']): I/O error on GET request for "http://config-server:8888/valdemar-security-app/default": config-server
2025-07-25T20:35:24.004-05:00  INFO 23352 --- [valdemar-security-app] [           main] o.s.c.c.c.ConfigServerConfigDataLoader   : Fetching config from server at : http://config-server:8888
2025-07-25T20:35:24.006-05:00  INFO 23352 --- [valdemar-security-app] [           main] o.s.c.c.c.ConfigServerConfigDataLoader   : Exception on Url - http://config-server:8888:org.springframework.web.client.ResourceAccessException: I/O error on GET request for "http://config-server:8888/valdemar-security-app/default": config-server. Will be trying the next url if available
2025-07-25T20:35:24.006-05:00  WARN 23352 --- [valdemar-security-app] [           main] o.s.c.c.c.ConfigServerConfigDataLoader   : Could not locate PropertySource ([ConfigServerConfigDataResource@4a34e9f uris = array<String>['http://config-server:8888'], optional = true, profiles = 'default']): I/O error on GET request for "http://config-server:8888/valdemar-security-app/default": config-server
2025-07-25T20:35:24.006-05:00  INFO 23352 --- [valdemar-security-app] [           main] o.s.c.c.c.ConfigServerConfigDataLoader   : Fetching config from server at : http://config-server:8888
2025-07-25T20:35:24.006-05:00  INFO 23352 --- [valdemar-security-app] [           main] o.s.c.c.c.ConfigServerConfigDataLoader   : Exception on Url - http://config-server:8888:org.springframework.web.client.ResourceAccessException: I/O error on GET request for "http://config-server:8888/valdemar-security-app/default": config-server. Will be trying the next url if available
2025-07-25T20:35:24.006-05:00  WARN 23352 --- [valdemar-security-app] [           main] o.s.c.c.c.ConfigServerConfigDataLoader   : Could not locate PropertySource ([ConfigServerConfigDataResource@6f6621e3 uris = array<String>['http://config-server:8888'], optional = true, profiles = 'default']): I/O error on GET request for "http://config-server:8888/valdemar-security-app/default": config-server
2025-07-25T20:35:28.970-05:00  INFO 23352 --- [valdemar-security-app] [           main] o.s.cloud.context.scope.GenericScope     : BeanFactory id=c60ba958-3a81-3133-9634-65abebc1f13e
2025-07-25T20:35:29.634-05:00  WARN 23352 --- [valdemar-security-app] [           main] .s.s.UserDetailsServiceAutoConfiguration : 

Using generated security password: d4811204-d98c-4f35-9623-4c61a1c6fe45

This generated password is for development use only. Your security configuration must be updated before running your application in production.

2025-07-25T20:35:29.660-05:00  INFO 23352 --- [valdemar-security-app] [           main] r$InitializeUserDetailsManagerConfigurer : Global AuthenticationManager configured with UserDetailsService bean with name inMemoryUserDetailsManager
2025-07-25T20:35:31.030-05:00  INFO 23352 --- [valdemar-security-app] [           main] o.s.v.b.OptionalValidatorFactoryBean     : Failed to set up a Bean Validation provider: jakarta.validation.NoProviderFoundException: Unable to create a Configuration, because no Jakarta Bean Validation provider could be found. Add a provider like Hibernate Validator (RI) to your classpath.
2025-07-25T20:35:32.779-05:00  INFO 23352 --- [valdemar-security-app] [           main] c.a.c.h.n.implementation.NettyUtility    : {"az.sdk.message":"The following Netty versions were found on the classpath and have a mismatch with the versions used by azure-core-http-netty. If your application runs without issue this message can be ignored, otherwise please align the Netty versions used in your application. For more information, see https://aka.ms/azsdk/java/dependency/troubleshoot.","azure-netty-version":"4.1.118.Final","azure-netty-native-version":"2.0.70.Final","classpath-netty-version-io.netty:netty-common":"4.1.123.Final","classpath-netty-version-io.netty:netty-handler":"4.1.123.Final","classpath-netty-version-io.netty:netty-handler-proxy":"4.1.123.Final","classpath-netty-version-io.netty:netty-buffer":"4.1.123.Final","classpath-netty-version-io.netty:netty-codec":"4.1.123.Final","classpath-netty-version-io.netty:netty-codec-http":"4.1.123.Final","classpath-netty-version-io.netty:netty-codec-http2":"4.1.123.Final","classpath-netty-version-io.netty:netty-transport-native-unix-common":"4.1.123.Final","classpath-netty-version-io.netty:netty-transport-native-epoll":"4.1.123.Final","classpath-netty-version-io.netty:netty-transport-native-kqueue":"4.1.123.Final","classpath-native-netty-version-io.netty:netty-tcnative-boringssl-static":"2.0.72.Final"}
2025-07-25T20:35:33.849-05:00  INFO 23352 --- [valdemar-security-app] [           main] o.s.b.a.e.web.EndpointLinksResolver      : Exposing 1 endpoint beneath base path '/actuator'
2025-07-25T20:35:34.440-05:00  INFO 23352 --- [valdemar-security-app] [           main] p.v.authjwt.AuthJwtApplicationTests      : Started AuthJwtApplicationTests in 16.004 seconds (process running for 20.153)
]]></system-out>
  </testcase>
</testsuite>